2026-03-16 05:58:48,480 - INFO - Enriching: Monaghan's on the Hill
2026-03-16 05:58:48,481 - INFO - Enriching: Zachary's Chicago Pizza
2026-03-16 05:58:48,481 - INFO - Enriching: Oakland Grill
2026-03-16 05:59:01,392 - INFO - Enriching: Monaghan's on the Hill
2026-03-16 05:59:01,393 - INFO - Enriching: Zachary's Chicago Pizza
2026-03-16 05:59:01,393 - INFO - Enriching: Oakland Grill
2026-03-16 05:59:01,393 - INFO - Enriching: Oakland Fight Camp
2026-03-16 05:59:01,393 - INFO - Enriching: Daytrip Counter
2026-03-16 05:59:01,393 - INFO - Enriching: Oakland Draft House
2026-03-16 05:59:01,394 - INFO - Enriching: Mama Oakland
2026-03-16 05:59:01,394 - INFO - Enriching: Oakland Street Food Co.
2026-03-16 05:59:01,394 - INFO - Enriching: Saucy Oakland
2026-03-16 05:59:01,394 - INFO - Enriching: Yoshi's Oakland
2026-03-16 05:59:01,394 - INFO - Enriching: Oakland Cafe
2026-03-16 05:59:01,394 - INFO - Enriching: Popoca Oakland
2026-03-16 05:59:01,394 - INFO - Enriching: Taqueria Los Comales
2026-03-16 05:59:01,394 - INFO - Enriching: Taqueria el Cruzero
2026-03-16 05:59:01,394 - INFO - Enriching: Taqueria El Paisa
2026-03-16 05:59:01,394 - INFO - Enriching: Uarhi Taqueria
2026-03-16 05:59:01,395 - INFO - Enriching: Los Cantaros Restaurant And Taqueria
2026-03-16 05:59:01,395 - INFO - Enriching: Taqueria Las Comadres
2026-03-16 05:59:01,395 - INFO - Enriching: Xolo Taqueria
2026-03-16 05:59:01,398 - INFO - Enriching: Taqueria El Zocalo
2026-03-16 05:59:01,399 - INFO - Enriching: Taqueria Barajitas Taco Truck
2026-03-16 05:59:01,399 - INFO - Enriching: Taqueria El Farolito
2026-03-16 05:59:01,400 - INFO - Enriching: Taqueria El Tio Juan
2026-03-16 05:59:01,400 - INFO - Enriching: Taqueria El Grullo
2026-03-16 05:59:01,400 - INFO - Enriching: Taqueria Los Altos
2026-03-16 05:59:01,400 - INFO - Enriching: El Asadero Taqueria
2026-03-16 05:59:01,400 - INFO - Enriching: Taqueria 16 De Septiembre
2026-03-16 05:59:01,400 - INFO - Enriching: Proyecto Diaz Coffee Oakland Cafe
2026-03-16 05:59:01,400 - INFO - Enriching: Oakland Coffee Shop
2026-03-16 05:59:01,400 - INFO - Enriching: Oakland United Beerworks
2026-03-16 05:59:01,400 - INFO - Enriching: Sante Adairius Rustic Ales: Oakland Arbor
2026-03-16 05:59:01,401 - INFO - Enriching: Hansen Good Coffee
2026-03-16 05:59:01,401 - INFO - Enriching: Peerless Coffee and Tea Espresso and Shop
2026-03-16 05:59:01,402 - INFO - Enriching: Peerless Coffee and Tea
2026-03-16 05:59:01,403 - INFO - Enriching: Oaklandish Coffee Collective
2026-03-16 05:59:01,403 - INFO - Enriching: Peet's Coffee
2026-03-16 05:59:01,403 - INFO - Enriching: Blue Bottle Coffee Roasting
2026-03-16 05:59:01,403 - INFO - Enriching: Timeless Coffee
2026-03-16 05:59:01,403 - INFO - Enriching: Thornhill Coffee House
2026-03-16 05:59:01,404 - INFO - Enriching: Asia Coffee Shop
2026-03-16 05:59:01,404 - INFO - Enriching: Highwire Coffee
2026-03-16 05:59:01,404 - INFO - Enriching: Sequoia Diner
2026-03-16 05:59:01,404 - INFO - Enriching: Black Bear Diner
2026-03-16 05:59:01,404 - INFO - Enriching: Leo's Diner
2026-03-16 05:59:01,404 - INFO - Enriching: Lakeside Smoke Shop
2026-03-16 05:59:01,404 - INFO - Enriching: 510 Smoke & Head Shop
2026-03-16 05:59:01,404 - INFO - Enriching: Golden State Smoke Shop
2026-03-16 05:59:01,404 - INFO - Enriching: Gifts & Smoke Shop
2026-03-16 05:59:01,405 - INFO - Enriching: Smoke & Glass Gift Shop
2026-03-16 05:59:01,405 - INFO - Enriching: Fruitvale Smoke and Gift Shop
2026-03-16 05:59:01,405 - INFO - Enriching: Mini Mart
2026-03-16 05:59:01,406 - INFO - Enriching: Berkeley Pizza
2026-03-16 05:59:01,407 - INFO - Enriching: Tigerlily Berkeley
2026-03-16 05:59:01,407 - INFO - Enriching: The Berkeley Boathouse
2026-03-16 05:59:01,407 - INFO - Enriching: Burma Berkeley
2026-03-16 05:59:01,407 - INFO - Enriching: Berkeley Social Club
2026-03-16 05:59:01,408 - INFO - Enriching: PRAAW (พราว) Thai Berkeley
2026-03-16 05:59:01,409 - INFO - Enriching: Zachary's Chicago Pizza
2026-03-16 05:59:01,409 - INFO - Enriching: Taqueria Montecristo
2026-03-16 05:59:01,409 - INFO - Enriching: Cactus Taqueria
2026-03-16 05:59:01,409 - INFO - Enriching: University Taqueria
2026-03-16 05:59:01,409 - INFO - Enriching: Taqueria food truck
2026-03-16 05:59:01,410 - INFO - Enriching: Gordo Taqueria
2026-03-16 05:59:01,410 - INFO - Enriching: Mexicana Taqueria
2026-03-16 05:59:01,410 - INFO - Enriching: Sol Taqueria
2026-03-16 05:59:01,410 - INFO - Enriching: Las Cabanas
2026-03-16 05:59:01,410 - INFO - Enriching: Talavera Mexican Grill
2026-03-16 05:59:01,410 - INFO - Enriching: Berkeley Espresso
2026-03-16 05:59:01,410 - INFO - Enriching: The Coffee Lab
2026-03-16 05:59:01,410 - INFO - Enriching: Peet's Coffee
2026-03-16 05:59:01,410 - INFO - Enriching: Philz Coffee
2026-03-16 05:59:01,410 - INFO - Enriching: Royal Ground Coffee
2026-03-16 05:59:01,410 - INFO - Enriching: CoRo Coffee Room
2026-03-16 05:59:01,411 - INFO - Enriching: Roaming Bean Coffee
2026-03-16 05:59:01,411 - INFO - Enriching: Coffee Hut
2026-03-16 05:59:01,411 - INFO - Enriching: Jaffa Coffee Roasters
2026-03-16 05:59:01,411 - INFO - Enriching: Cafenated Coffee Co.
2026-03-16 05:59:01,412 - INFO - Enriching: Bellweather Coffee
2026-03-16 05:59:01,413 - INFO - Enriching: Coffee x Bread
2026-03-16 05:59:01,414 - INFO - Enriching: 1951 Coffee Company
2026-03-16 05:59:01,414 - INFO - Enriching: CoRo Coffee Roastery
2026-03-16 05:59:01,414 - INFO - Enriching: Oceanview Diner
2026-03-16 05:59:01,414 - INFO - Enriching: Golden Bear Smoke Shop
2026-03-16 05:59:01,414 - INFO - Enriching: Puff n Go Smoke Shop
2026-03-16 05:59:01,414 - INFO - Enriching: A & A Mini Mart
2026-03-16 05:59:01,415 - INFO - Enriching: One Stop Mini Mart
2026-03-16 05:59:01,415 - INFO - Enriching: Wireless & Mini Mart
2026-03-16 05:59:01,415 - INFO - Enriching: Fremont Kabob
2026-03-16 05:59:01,416 - INFO - Enriching: Shang Cafe Fremont
2026-03-16 05:59:01,416 - INFO - Enriching: Din Ding Dumpling House Fremont
2026-03-16 05:59:01,416 - INFO - Enriching: Curry Pizza House Fremont Blvd
2026-03-16 05:59:01,416 - INFO - Enriching: RĀW Superfood Café | Fremont
2026-03-16 05:59:01,416 - INFO - Enriching: The Fremont Diner
2026-03-16 05:59:01,417 - INFO - Enriching: TAQUERIA Super Taco
2026-03-16 05:59:01,417 - INFO - Enriching: Taqueria Zapata
2026-03-16 05:59:01,417 - INFO - Enriching: Fremont Presbyterian Coffee Bar
2026-03-16 05:59:01,417 - INFO - Enriching: Renegade By: Devout Coffee
2026-03-16 05:59:01,417 - INFO - Enriching: Suju's Coffee
2026-03-16 05:59:01,417 - INFO - Enriching: Philz Coffee
2026-03-16 05:59:01,417 - INFO - Enriching: Peet's Coffee
2026-03-16 05:59:01,418 - INFO - Enriching: Suju's Coffee & Tea
2026-03-16 05:59:01,418 - INFO - Enriching: Stardust Coffee House
2026-03-16 05:59:01,419 - INFO - Enriching: Voca Coffee
2026-03-16 05:59:01,420 - INFO - Enriching: Devout Coffee
2026-03-16 05:59:01,420 - INFO - Enriching: Dash Coffee and Bakery
2026-03-16 05:59:01,421 - INFO - Enriching: Black Bear Diner
2026-03-16 05:59:01,421 - INFO - Enriching: Wonder Land Smoke Shop
2026-03-16 05:59:01,421 - INFO - Enriching: Rocky Smoke Shop
2026-03-16 05:59:01,421 - INFO - Enriching: Bodega Court
2026-03-16 05:59:01,421 - INFO - Enriching: Favorite Indian Restaurant
2026-03-16 05:59:01,421 - INFO - Enriching: Frannie's Restaurant
2026-03-16 05:59:01,421 - INFO - Enriching: Blue Ginger Indian Restaurant
2026-03-16 05:59:01,421 - INFO - Enriching: Hayward City Pho
2026-03-16 05:59:01,421 - INFO - Enriching: Jack's Restaurant
2026-03-16 05:59:01,422 - INFO - Enriching: Heidi's Pies Family Restaurant
2026-03-16 05:59:01,422 - INFO - Enriching: Taqueria El Mezca
2026-03-16 05:59:01,422 - INFO - Enriching: Taqueria Los Pericos
2026-03-16 05:59:01,423 - INFO - Enriching: Taqueria El Jarocho 2
2026-03-16 05:59:01,424 - INFO - Enriching: Sivan's Cafe
2026-03-16 05:59:01,424 - INFO - Enriching: The Early Bird Coffee
2026-03-16 05:59:01,424 - INFO - Enriching: Peet's Coffee
2026-03-16 05:59:01,424 - INFO - Enriching: Eon Coffee
2026-03-16 05:59:01,424 - INFO - Enriching: AJ's Coffee
2026-03-16 05:59:01,424 - INFO - Enriching: Black Bear Diner
2026-03-16 05:59:01,424 - INFO - Enriching: Smokey's Smoke Shop / Vape Shop & Gifts
2026-03-16 05:59:01,425 - INFO - Enriching: Bodega Street
2026-03-16 05:59:01,425 - INFO - Enriching: East Bay Restaurant Supply Store
2026-03-16 05:59:01,428 - INFO - Enriching: Guadalajara Restaurant & Tequila Bar
2026-03-16 05:59:01,428 - INFO - Enriching: LY-Luck Restaurant
2026-03-16 05:59:01,428 - INFO - Enriching: Los Olivos Restaurant
2026-03-16 05:59:01,429 - INFO - Enriching: Hunan Village Restaurant
2026-03-16 05:59:01,429 - INFO - Enriching: MLK Restaurant & Full Bar
2026-03-16 05:59:01,429 - INFO - Enriching: Fountain Garden Seafood Restaurant
2026-03-16 05:59:01,429 - INFO - Enriching: Thanh Ky Restaurant
2026-03-16 05:59:01,429 - INFO - Enriching: Big Daddy's Chinese Restaurant
2026-03-16 05:59:01,429 - INFO - Enriching: Tay Ho Restaurant
2026-03-16 05:59:01,429 - INFO - Enriching: Flower Lounge Restaurant
2026-03-16 05:59:01,429 - INFO - Enriching: Pacific Lighthouse Restaurant
2026-03-16 05:59:01,429 - INFO - Enriching: Chanco Housewares and Restaurant Supply
2026-03-16 05:59:01,429 - INFO - Enriching: Messob Ethiopian Restaurant
2026-03-16 05:59:01,430 - INFO - Enriching: ROC the Bay: Restaurant Opportunities Center Bay Area
2026-03-16 05:59:01,430 - INFO - Enriching: Taqueria Los Comales
2026-03-16 05:59:01,430 - INFO - Enriching: Taqueria el Cruzero
2026-03-16 05:59:01,432 - INFO - Enriching: Taqueria 16 De Septiembre
2026-03-16 05:59:01,432 - INFO - Enriching: Taqueria El Grullo
2026-03-16 05:59:01,432 - INFO - Enriching: Taqueria Los Altos
2026-03-16 05:59:01,432 - INFO - Enriching: Maya Halal Taqueria
2026-03-16 05:59:01,432 - INFO - Enriching: Taqueria El Paisa
2026-03-16 05:59:01,432 - INFO - Enriching: Taqueria El Farolito
2026-03-16 05:59:01,433 - INFO - Enriching: Taqueria San Jose
2026-03-16 05:59:01,433 - INFO - Enriching: Taqueria Reynoso
2026-03-16 05:59:01,433 - INFO - Enriching: El Asadero Taqueria
2026-03-16 05:59:01,433 - INFO - Enriching: Xolo Taqueria
2026-03-16 05:59:01,433 - INFO - Enriching: Uarhi Taqueria
2026-03-16 05:59:01,433 - INFO - Enriching: Taqueria El Zocalo
2026-03-16 05:59:01,433 - INFO - Enriching: Taqueria Barajitas Taco Truck
2026-03-16 05:59:01,433 - INFO - Enriching: Cafe
2026-03-16 05:59:01,434 - INFO - Enriching: Coffee Berry Trail
2026-03-16 05:59:01,434 - INFO - Enriching: Red Bay Coffee International Headquarters
2026-03-16 05:59:01,435 - INFO - Enriching: Burlap Coffee
2026-03-16 05:59:01,436 - INFO - Enriching: Modern Coffee
2026-03-16 05:59:01,436 - INFO - Enriching: Earthly Coffee
2026-03-16 05:59:01,436 - INFO - Enriching: Luis's Coffee Shop
2026-03-16 05:59:01,436 - INFO - Enriching: Peet's Coffee
2026-03-16 05:59:01,436 - INFO - Enriching: States Coffee
2026-03-16 05:59:01,436 - INFO - Enriching: Highwire Coffee
2026-03-16 05:59:01,436 - INFO - Enriching: Botbar Coffee
2026-03-16 05:59:01,437 - INFO - Enriching: Souvenir Coffee
2026-03-16 05:59:01,437 - INFO - Enriching: Blue Bottle Coffee Roasting
2026-03-16 05:59:01,437 - INFO - Enriching: Asia Coffee Shop
2026-03-16 05:59:01,437 - INFO - Enriching: Timeless Coffee
2026-03-16 05:59:01,437 - INFO - Enriching: Sequoia Diner
2026-03-16 05:59:01,437 - INFO - Enriching: Black Bear Diner
2026-03-16 05:59:01,437 - INFO - Enriching: Leo's Diner
2026-03-16 05:59:01,437 - INFO - Enriching: Oceanview Diner
2026-03-16 05:59:01,437 - INFO - Enriching: Mel's Diner
2026-03-16 05:59:01,437 - INFO - Enriching: Delhi Diner
2026-03-16 05:59:01,439 - INFO - Enriching: Smoke shop
2026-03-16 05:59:01,440 - INFO - Enriching: Bodega Court
2026-03-16 05:59:01,441 - INFO - Enriching: Bodega Street
2026-03-16 05:59:01,441 - INFO - Enriching: Bodega Avenue
2026-03-16 05:59:01,442 - INFO - Enriching: Bodega Way
2026-03-16 05:59:01,442 - INFO - Enriching: Mini Mart
2026-03-16 05:59:01,492 - INFO - Enriching: Jackson Fillmore Trattoria
2026-03-16 05:59:01,494 - INFO - Enriching: Jackson Market and Deli
2026-03-16 05:59:01,494 - INFO - Enriching: Jackson's
2026-03-16 05:59:01,494 - INFO - Enriching: Jackson's Sports Bar and Grill
2026-03-16 05:59:01,494 - INFO - Enriching: Taqueria lá veracruzana
2026-03-16 05:59:01,494 - INFO - Enriching: Jackson's Cafe
2026-03-16 05:59:01,495 - INFO - Enriching: Mel & Feyes Diner
2026-03-16 05:59:01,495 - INFO - Enriching: The Sutter Restaurant
2026-03-16 05:59:01,495 - INFO - Enriching: The Sutter Saloon
2026-03-16 05:59:01,495 - INFO - Enriching: Back Roads Coffee House
2026-03-16 05:59:01,495 - INFO - Enriching: Imperial Hotel Restaurant
2026-03-16 05:59:01,519 - INFO - Enriching: Chico's
2026-03-16 05:59:01,520 - INFO - Enriching: Woodstock's Pizza Chico
2026-03-16 05:59:01,522 - INFO - Enriching: Chico’s Burger
2026-03-16 05:59:01,522 - INFO - Enriching: Taqueria Pinolera
2026-03-16 05:59:01,522 - INFO - Enriching: Habanero’s Taqueria
2026-03-16 05:59:01,522 - INFO - Enriching: Aztlan
2026-03-16 05:59:01,522 - INFO - Enriching: Chico Creek Coffee
2026-03-16 05:59:01,522 - INFO - Enriching: Dutch Bros. Coffee
2026-03-16 05:59:01,523 - INFO - Enriching: Empire Coffee
2026-03-16 05:59:01,523 - INFO - Enriching: Coffee Ranch
2026-03-16 05:59:01,523 - INFO - Enriching: Beatniks Coffee and Breakfast
2026-03-16 05:59:01,523 - INFO - Enriching: Lovebird Coffee
2026-03-16 05:59:01,523 - INFO - Enriching: Cozy Diner
2026-03-16 05:59:01,523 - INFO - Enriching: Black Bear Diner
2026-03-16 05:59:01,523 - INFO - Enriching: Olson House Coffee
2026-03-16 05:59:01,523 - INFO - Enriching: Betty Cakes and Coffee
2026-03-16 05:59:01,523 - INFO - Enriching: Dutch Bros. Coffee
2026-03-16 05:59:01,524 - INFO - Enriching: Paradise
2026-03-16 05:59:01,524 - INFO - Enriching: V's Paradise Restaurant
2026-03-16 05:59:01,525 - INFO - Enriching: Phở Paradise Restaurant
2026-03-16 05:59:01,525 - INFO - Enriching: Kimbap Paradise
2026-03-16 05:59:01,526 - INFO - Enriching: Paradise Biryani Pointe
2026-03-16 05:59:01,526 - INFO - Enriching: Paradise Buffet
2026-03-16 05:59:01,526 - INFO - Enriching: Mo-Mo Paradise
2026-03-16 05:59:01,526 - INFO - Enriching: Sushi Paradise
2026-03-16 05:59:01,526 - INFO - Enriching: Paradise Bowls
2026-03-16 05:59:01,526 - INFO - Enriching: Paradise Cove Beach Cafe
2026-03-16 05:59:01,526 - INFO - Enriching: Café Paradise
2026-03-16 05:59:01,527 - INFO - Enriching: Paradise Mountain Coffee
2026-03-16 05:59:01,527 - INFO - Enriching: Paradise Valley Smoke Shop
2026-03-16 05:59:01,548 - INFO - Enriching: Angels Creek Restaurant
2026-03-16 05:59:01,548 - INFO - Enriching: Pickled Porch Cafe
2026-03-16 05:59:01,549 - INFO - Enriching: Day-O Coffee
2026-03-16 05:59:01,549 - INFO - Enriching: Lemon Tree Bakery & Coffee Shop
2026-03-16 05:59:01,573 - INFO - Enriching: Lumberjack's Restaurant
2026-03-16 05:59:01,577 - INFO - Enriching: Los Charros Taqueria
2026-03-16 05:59:01,578 - INFO - Enriching: Colusa Club
2026-03-16 05:59:01,578 - INFO - Enriching: Wintun Mini Mart
2026-03-16 05:59:01,578 - INFO - Enriching: Wintun Mini Mart Fuel Station
2026-03-16 05:59:01,578 - INFO - Enriching: Williams Chinese Food
2026-03-16 05:59:01,578 - INFO - Enriching: Camp Williams Cafe
2026-03-16 05:59:01,579 - INFO - Enriching: Super Taqueria
2026-03-16 05:59:01,579 - INFO - Enriching: The Creperie Cafe
2026-03-16 05:59:01,579 - INFO - Enriching: Babaloo Cuban Cafe
