[Warning] OpenCV not available, vision module in stub mode

======================================================================
🫀🧠 HEART-BRAIN INTEGRATION DEMO
======================================================================

The heart takes over heartbeat and integrates with the 7-region brain.
Together they create a unified mind-body-emotion system.

======================================================================
🫀🧠 HEART-BRAIN INTEGRATION SYSTEM
======================================================================

[TernaryHeart] Initialized - REST/BALANCE/ACTIVE
[7RegionBrain] Unconscious processor initialized
[7RegionBrain] Vision processor initialized
[7RegionBrain] Initialized 7 regions + 3-tier consciousness + vision
✅ Heart initialized (ternary: REST/BALANCE/ACTIVE)
✅ Brain initialized (7-region OODA)
✅ Heart-Brain Axis connected

Running 15 heart-beat cycles...


[Tick 1] 💚 BALANCE | 🧠 adaptive
  Emotion: neutral      | Coherence: 0.50
  Arousal: 0.56       | Stress: 0.50
  Health:  HEALTHY
  Tick rate: 30.0 BPM

[Tick 4] 💚 BALANCE | 🧠 adaptive
  Emotion: neutral      | Coherence: 0.50
  Arousal: 0.56       | Stress: 0.50
  Health:  HEALTHY
  Tick rate: 30.0 BPM

[Tick 7] 💚 BALANCE | 🧠 adaptive
  Emotion: neutral      | Coherence: 0.49
  Arousal: 0.56       | Stress: 0.51
  Health:  HEALTHY
  Tick rate: 30.0 BPM

[Tick 10] 💚 BALANCE | 🧠 adaptive
  Emotion: neutral      | Coherence: 0.49
  Arousal: 0.56       | Stress: 0.51
  Health:  HEALTHY
  Tick rate: 30.0 BPM

[Tick 13] 💚 BALANCE | 🧠 adaptive
  Emotion: neutral      | Coherence: 0.49
  Arousal: 0.56       | Stress: 0.51
  Health:  HEALTHY
  Tick rate: 30.0 BPM

======================================================================
🫀🧠 HEART-BRAIN HEALTH REPORT
======================================================================
Total cycles: 15
Current tick rate: 30.0 BPM

Current State:
  Heart: BALANCE (neutral)
  Brain: adaptive
  Coherence: 0.49
  Arousal: 0.56
  Stress: 0.51
  System Health: HEALTHY

Integration Status: ✅ Heart and Brain synchronized
======================================================================

======================================================================
✅ Heart-Brain Integration Complete!
======================================================================

The heart now controls the system rhythm:
  - Provides timing for brain ticks
  - Sends emotion and arousal to brain
  - Receives safety/stress feedback from brain
  - Creates unified mind-body coherence
======================================================================
