[Warning] OpenCV not available, vision module in stub mode
============================================================
🎮 MYLONEN - Scout Operations Agent Demo
============================================================

[7RegionBrain] Unconscious processor initialized
[7RegionBrain] Vision processor initialized
[7RegionBrain] Initialized 7 regions + 3-tier consciousness + vision
📋 SIMPLE TASKS
----------------------------------------

Task: count
  Input: N/A
  Output: {'apple': 3, 'banana': 2, 'cherry': 1}

Task: sort
  Input: [34, 12, 89, 45, 23, 67]
  Output: [12, 23, 34, 45, 67, 89]

Task: find_max
  Input: [34, 12, 89, 45, 23, 67]
  Output: 89

Task: reverse
  Input: HELLO WORLD
  Output: DLROW OLLEH

============================================================

🧩 PATTERN RECOGNITION
----------------------------------------

Sequence: [2, 4, 6, 8, 10]
  Pattern: arithmetic (+2)
  Next predicted: 12

Sequence: [1, 1, 2, 3, 5, 8]
  Pattern: fibonacci
  Next predicted: 13

Sequence: [2, 4, 8, 16, 32]
  Pattern: geometric (*2.0)
  Next predicted: None

============================================================

⭕ TIC TAC TOE GAMES
----------------------------------------

Game 1: Mylonen wins!
  Board: ['X', 'O', 'O', ' ', 'X', ' ', ' ', ' ', 'X']
  Analysis: X has 3 marks, O has 2. 

Game 2: Draw
  Board: ['O', 'X', 'O', 'X', 'X', 'O', 'X', 'O', 'X']
  Stats: {'played': 2, 'won': 1, 'lost': 0, 'drawn': 1}

============================================================

❓ QUESTIONS
----------------------------------------

Q: What is the best strategy for Tic Tac Toe?
A: [Mylonen] Interesting! Let me explore... I understand.
[Processing in Exploratory mode]
  [Mode: Exploratory]

Q: How do I recognize patterns in data?
A: [Mylonen] Hmm, let me think... I understand.
[Processing in Analytical mode]
  [Mode: Analytical]

Q: When should I ask for help from the team?
A: [Mylonen] From my experience... I understand.
[Processing in Reflective mode]
  [Mode: Reflective]

============================================================

📊 FINAL STATUS
----------------------------------------

Name: Mylonen (Level 2)
Role: Scout Operations
Brain Ticks: 12
Current Mode: Unknown

Game Stats:
  tic_tac_toe: {'played': 2, 'won': 1, 'lost': 0, 'drawn': 1}
  pattern_match: {'played': 3, 'correct': 0}
  logic_puzzle: {'played': 0, 'solved': 0}

Learnings: 3 questions asked
Memory: {'short_term': 2, 'mid_term': 10, 'substrate': {}}

============================================================
✅ Demo Complete!
============================================================
